Analysis & Synthesis report for mips
Fri Jan 26 02:48:45 2024
Quartus Prime Version 20.1.1 Build 720 11/11/2020 SJ Lite Edition


---------------------
; Table of Contents ;
---------------------
  1. Legal Notice
  2. Analysis & Synthesis Summary
  3. Analysis & Synthesis Settings
  4. Parallel Compilation
  5. Analysis & Synthesis Source Files Read
  6. Analysis & Synthesis Resource Usage Summary
  7. Analysis & Synthesis Resource Utilization by Entity
  8. General Register Statistics
  9. Port Connectivity Checks: "shift_left_2:shift_left2_jump"
 10. Port Connectivity Checks: "adder:adder_pc_plus4|CLA32bitMSB:cla0"
 11. Port Connectivity Checks: "adder:adder_pc_plus4"
 12. Port Connectivity Checks: "alu:al|CLA32bitMSB:cla0|CLA16bitMSB:Cla1|CLA4bitMSB:Cla3|Alu1BitMSB:alu3"
 13. Port Connectivity Checks: "alu:al|CLA32bitMSB:cla0|CLA16bitMSB:Cla1|CLA4bitMSB:Cla3|Alu1Bit:alu2"
 14. Port Connectivity Checks: "alu:al|CLA32bitMSB:cla0|CLA16bitMSB:Cla1|CLA4bitMSB:Cla3|Alu1Bit:alu1"
 15. Port Connectivity Checks: "alu:al|CLA32bitMSB:cla0|CLA16bitMSB:Cla1|CLA4bitMSB:Cla3"
 16. Port Connectivity Checks: "alu:al|CLA32bitMSB:cla0|CLA16bitMSB:Cla1|CLA4bit:Cla2"
 17. Port Connectivity Checks: "alu:al|CLA32bitMSB:cla0|CLA16bitMSB:Cla1|CLA4bit:Cla1"
 18. Port Connectivity Checks: "alu:al|CLA32bitMSB:cla0|CLA16bitMSB:Cla1"
 19. Port Connectivity Checks: "alu:al|CLA32bitMSB:cla0|CLA16bit:Cla0|CLA4bit:Cla3"
 20. Port Connectivity Checks: "alu:al|CLA32bitMSB:cla0|CLA16bit:Cla0|CLA4bit:Cla2"
 21. Port Connectivity Checks: "alu:al|CLA32bitMSB:cla0|CLA16bit:Cla0|CLA4bit:Cla1"
 22. Port Connectivity Checks: "alu:al|CLA32bitMSB:cla0|CLA16bit:Cla0|CLA4bit:Cla0|Alu1Bit:alu3"
 23. Port Connectivity Checks: "alu:al|CLA32bitMSB:cla0|CLA16bit:Cla0|CLA4bit:Cla0|Alu1Bit:alu2"
 24. Port Connectivity Checks: "alu:al|CLA32bitMSB:cla0|CLA16bit:Cla0|CLA4bit:Cla0|Alu1Bit:alu1"
 25. Port Connectivity Checks: "alu:al|CLA32bitMSB:cla0"
 26. Port Connectivity Checks: "control_unit:cu"
 27. Post-Synthesis Netlist Statistics for Top Partition
 28. Elapsed Time Per Partition
 29. Analysis & Synthesis Messages



----------------
; Legal Notice ;
----------------
Copyright (C) 2020  Intel Corporation. All rights reserved.
Your use of Intel Corporation's design tools, logic functions 
and other software and tools, and any partner logic 
functions, and any output files from any of the foregoing 
(including device programming or simulation files), and any 
associated documentation or information are expressly subject 
to the terms and conditions of the Intel Program License 
Subscription Agreement, the Intel Quartus Prime License Agreement,
the Intel FPGA IP License Agreement, or other applicable license
agreement, including, without limitation, that your use is for
the sole purpose of programming logic devices manufactured by
Intel and sold by Intel or its authorized distributors.  Please
refer to the applicable agreement for further details, at
https://fpgasoftware.intel.com/eula.



+-------------------------------------------------------------------------------+
; Analysis & Synthesis Summary                                                  ;
+---------------------------------+---------------------------------------------+
; Analysis & Synthesis Status     ; Successful - Fri Jan 26 02:48:45 2024       ;
; Quartus Prime Version           ; 20.1.1 Build 720 11/11/2020 SJ Lite Edition ;
; Revision Name                   ; mips                                        ;
; Top-level Entity Name           ; mips                                        ;
; Family                          ; Cyclone V                                   ;
; Logic utilization (in ALMs)     ; N/A                                         ;
; Total registers                 ; 0                                           ;
; Total pins                      ; 1                                           ;
; Total virtual pins              ; 0                                           ;
; Total block memory bits         ; 0                                           ;
; Total DSP Blocks                ; 0                                           ;
; Total HSSI RX PCSs              ; 0                                           ;
; Total HSSI PMA RX Deserializers ; 0                                           ;
; Total HSSI TX PCSs              ; 0                                           ;
; Total HSSI PMA TX Serializers   ; 0                                           ;
; Total PLLs                      ; 0                                           ;
; Total DLLs                      ; 0                                           ;
+---------------------------------+---------------------------------------------+


+---------------------------------------------------------------------------------------------------------------------------+
; Analysis & Synthesis Settings                                                                                             ;
+---------------------------------------------------------------------------------+--------------------+--------------------+
; Option                                                                          ; Setting            ; Default Value      ;
+---------------------------------------------------------------------------------+--------------------+--------------------+
; Device                                                                          ; 5CEBA4F23C7        ;                    ;
; Top-level entity name                                                           ; mips               ; mips               ;
; Family name                                                                     ; Cyclone V          ; Cyclone V          ;
; Maximum processors allowed for parallel compilation                             ; 16                 ;                    ;
; Use smart compilation                                                           ; Off                ; Off                ;
; Enable parallel Assembler and Timing Analyzer during compilation                ; On                 ; On                 ;
; Enable compact report table                                                     ; Off                ; Off                ;
; Restructure Multiplexers                                                        ; Auto               ; Auto               ;
; MLAB Add Timing Constraints For Mixed-Port Feed-Through Mode Setting Don't Care ; Off                ; Off                ;
; Create Debugging Nodes for IP Cores                                             ; Off                ; Off                ;
; Preserve fewer node names                                                       ; On                 ; On                 ;
; Intel FPGA IP Evaluation Mode                                                   ; Enable             ; Enable             ;
; Verilog Version                                                                 ; Verilog_2001       ; Verilog_2001       ;
; VHDL Version                                                                    ; VHDL_1993          ; VHDL_1993          ;
; State Machine Processing                                                        ; Auto               ; Auto               ;
; Safe State Machine                                                              ; Off                ; Off                ;
; Extract Verilog State Machines                                                  ; On                 ; On                 ;
; Extract VHDL State Machines                                                     ; On                 ; On                 ;
; Ignore Verilog initial constructs                                               ; Off                ; Off                ;
; Iteration limit for constant Verilog loops                                      ; 5000               ; 5000               ;
; Iteration limit for non-constant Verilog loops                                  ; 250                ; 250                ;
; Add Pass-Through Logic to Inferred RAMs                                         ; On                 ; On                 ;
; Infer RAMs from Raw Logic                                                       ; On                 ; On                 ;
; Parallel Synthesis                                                              ; On                 ; On                 ;
; DSP Block Balancing                                                             ; Auto               ; Auto               ;
; NOT Gate Push-Back                                                              ; On                 ; On                 ;
; Power-Up Don't Care                                                             ; On                 ; On                 ;
; Remove Redundant Logic Cells                                                    ; Off                ; Off                ;
; Remove Duplicate Registers                                                      ; On                 ; On                 ;
; Ignore CARRY Buffers                                                            ; Off                ; Off                ;
; Ignore CASCADE Buffers                                                          ; Off                ; Off                ;
; Ignore GLOBAL Buffers                                                           ; Off                ; Off                ;
; Ignore ROW GLOBAL Buffers                                                       ; Off                ; Off                ;
; Ignore LCELL Buffers                                                            ; Off                ; Off                ;
; Ignore SOFT Buffers                                                             ; On                 ; On                 ;
; Limit AHDL Integers to 32 Bits                                                  ; Off                ; Off                ;
; Optimization Technique                                                          ; Balanced           ; Balanced           ;
; Carry Chain Length                                                              ; 70                 ; 70                 ;
; Auto Carry Chains                                                               ; On                 ; On                 ;
; Auto Open-Drain Pins                                                            ; On                 ; On                 ;
; Perform WYSIWYG Primitive Resynthesis                                           ; Off                ; Off                ;
; Auto ROM Replacement                                                            ; On                 ; On                 ;
; Auto RAM Replacement                                                            ; On                 ; On                 ;
; Auto DSP Block Replacement                                                      ; On                 ; On                 ;
; Auto Shift Register Replacement                                                 ; Auto               ; Auto               ;
; Allow Shift Register Merging across Hierarchies                                 ; Auto               ; Auto               ;
; Auto Clock Enable Replacement                                                   ; On                 ; On                 ;
; Strict RAM Replacement                                                          ; Off                ; Off                ;
; Allow Synchronous Control Signals                                               ; On                 ; On                 ;
; Force Use of Synchronous Clear Signals                                          ; Off                ; Off                ;
; Auto Resource Sharing                                                           ; Off                ; Off                ;
; Allow Any RAM Size For Recognition                                              ; Off                ; Off                ;
; Allow Any ROM Size For Recognition                                              ; Off                ; Off                ;
; Allow Any Shift Register Size For Recognition                                   ; Off                ; Off                ;
; Use LogicLock Constraints during Resource Balancing                             ; On                 ; On                 ;
; Ignore translate_off and synthesis_off directives                               ; Off                ; Off                ;
; Timing-Driven Synthesis                                                         ; On                 ; On                 ;
; Report Parameter Settings                                                       ; On                 ; On                 ;
; Report Source Assignments                                                       ; On                 ; On                 ;
; Report Connectivity Checks                                                      ; On                 ; On                 ;
; Ignore Maximum Fan-Out Assignments                                              ; Off                ; Off                ;
; Synchronization Register Chain Length                                           ; 3                  ; 3                  ;
; Power Optimization During Synthesis                                             ; Normal compilation ; Normal compilation ;
; HDL message level                                                               ; Level2             ; Level2             ;
; Suppress Register Optimization Related Messages                                 ; Off                ; Off                ;
; Number of Removed Registers Reported in Synthesis Report                        ; 5000               ; 5000               ;
; Number of Swept Nodes Reported in Synthesis Report                              ; 5000               ; 5000               ;
; Number of Inverted Registers Reported in Synthesis Report                       ; 100                ; 100                ;
; Clock MUX Protection                                                            ; On                 ; On                 ;
; Auto Gated Clock Conversion                                                     ; Off                ; Off                ;
; Block Design Naming                                                             ; Auto               ; Auto               ;
; SDC constraint protection                                                       ; Off                ; Off                ;
; Synthesis Effort                                                                ; Auto               ; Auto               ;
; Shift Register Replacement - Allow Asynchronous Clear Signal                    ; On                 ; On                 ;
; Pre-Mapping Resynthesis Optimization                                            ; Off                ; Off                ;
; Analysis & Synthesis Message Level                                              ; Medium             ; Medium             ;
; Disable Register Merging Across Hierarchies                                     ; Auto               ; Auto               ;
; Resource Aware Inference For Block RAM                                          ; On                 ; On                 ;
; Automatic Parallel Synthesis                                                    ; On                 ; On                 ;
; Partial Reconfiguration Bitstream ID                                            ; Off                ; Off                ;
+---------------------------------------------------------------------------------+--------------------+--------------------+


+------------------------------------------+
; Parallel Compilation                     ;
+----------------------------+-------------+
; Processors                 ; Number      ;
+----------------------------+-------------+
; Number detected on machine ; 16          ;
; Maximum allowed            ; 16          ;
;                            ;             ;
; Average used               ; 1.00        ;
; Maximum used               ; 1           ;
;                            ;             ;
; Usage by Processor         ; % Time Used ;
;     Processor 1            ; 100.0%      ;
+----------------------------+-------------+


+----------------------------------------------------------------------------------------------------------------------------------------------------------------------------+
; Analysis & Synthesis Source Files Read                                                                                                                                     ;
+----------------------------------+-----------------+------------------------------+------------------------------------------------------------------------------+---------+
; File Name with User-Entered Path ; Used in Netlist ; File Type                    ; File Name with Absolute Path                                                 ; Library ;
+----------------------------------+-----------------+------------------------------+------------------------------------------------------------------------------+---------+
; mux/_1_bit_8e1_mux.v             ; yes             ; User Verilog HDL File        ; C:/Users/goktu/Desktop/1Projects/Organization/hw3/mux/_1_bit_8e1_mux.v       ;         ;
; alu/CLA/CLL2_level.v             ; yes             ; User Verilog HDL File        ; C:/Users/goktu/Desktop/1Projects/Organization/hw3/alu/CLA/CLL2_level.v       ;         ;
; alu/CLA/CLL1_level.v             ; yes             ; User Verilog HDL File        ; C:/Users/goktu/Desktop/1Projects/Organization/hw3/alu/CLA/CLL1_level.v       ;         ;
; alu/CLA/CLA32bitMSB.v            ; yes             ; User Verilog HDL File        ; C:/Users/goktu/Desktop/1Projects/Organization/hw3/alu/CLA/CLA32bitMSB.v      ;         ;
; alu/CLA/CLA16bitMSB.v            ; yes             ; User Verilog HDL File        ; C:/Users/goktu/Desktop/1Projects/Organization/hw3/alu/CLA/CLA16bitMSB.v      ;         ;
; alu/CLA/CLA16bit.v               ; yes             ; User Verilog HDL File        ; C:/Users/goktu/Desktop/1Projects/Organization/hw3/alu/CLA/CLA16bit.v         ;         ;
; alu/CLA/CLA4bitMSB.v             ; yes             ; User Verilog HDL File        ; C:/Users/goktu/Desktop/1Projects/Organization/hw3/alu/CLA/CLA4bitMSB.v       ;         ;
; alu/CLA/CLA4bit.v                ; yes             ; User Verilog HDL File        ; C:/Users/goktu/Desktop/1Projects/Organization/hw3/alu/CLA/CLA4bit.v          ;         ;
; alu/CLA/Alu1BitMSB.v             ; yes             ; User Verilog HDL File        ; C:/Users/goktu/Desktop/1Projects/Organization/hw3/alu/CLA/Alu1BitMSB.v       ;         ;
; alu/CLA/Alu1Bit.v                ; yes             ; User Verilog HDL File        ; C:/Users/goktu/Desktop/1Projects/Organization/hw3/alu/CLA/Alu1Bit.v          ;         ;
; mips.v                           ; yes             ; User Verilog HDL File        ; C:/Users/goktu/Desktop/1Projects/Organization/hw3/mips.v                     ;         ;
; mux/mux2x1bit32.v                ; yes             ; User Verilog HDL File        ; C:/Users/goktu/Desktop/1Projects/Organization/hw3/mux/mux2x1bit32.v          ;         ;
; mux/mux2x1bit5.v                 ; yes             ; User Verilog HDL File        ; C:/Users/goktu/Desktop/1Projects/Organization/hw3/mux/mux2x1bit5.v           ;         ;
; mux/mux2x1bit1.v                 ; yes             ; User Verilog HDL File        ; C:/Users/goktu/Desktop/1Projects/Organization/hw3/mux/mux2x1bit1.v           ;         ;
; others/adder.v                   ; yes             ; User Verilog HDL File        ; C:/Users/goktu/Desktop/1Projects/Organization/hw3/others/adder.v             ;         ;
; alu/alu.v                        ; yes             ; User Verilog HDL File        ; C:/Users/goktu/Desktop/1Projects/Organization/hw3/alu/alu.v                  ;         ;
; others/shift_left_2.v            ; yes             ; User Verilog HDL File        ; C:/Users/goktu/Desktop/1Projects/Organization/hw3/others/shift_left_2.v      ;         ;
; others/sign_extend.v             ; yes             ; User Verilog HDL File        ; C:/Users/goktu/Desktop/1Projects/Organization/hw3/others/sign_extend.v       ;         ;
; others/control_unit.v            ; yes             ; User Verilog HDL File        ; C:/Users/goktu/Desktop/1Projects/Organization/hw3/others/control_unit.v      ;         ;
; others/alu_control.v             ; yes             ; User Verilog HDL File        ; C:/Users/goktu/Desktop/1Projects/Organization/hw3/others/alu_control.v       ;         ;
; memory/memory_block.v            ; yes             ; User Verilog HDL File        ; C:/Users/goktu/Desktop/1Projects/Organization/hw3/memory/memory_block.v      ;         ;
; memory/instruction_block.v       ; yes             ; User Verilog HDL File        ; C:/Users/goktu/Desktop/1Projects/Organization/hw3/memory/instruction_block.v ;         ;
; memory/register_block.v          ; yes             ; User Verilog HDL File        ; C:/Users/goktu/Desktop/1Projects/Organization/hw3/memory/register_block.v    ;         ;
; instructions.mem                 ; yes             ; Auto-Found Unspecified File  ; C:/Users/goktu/Desktop/1Projects/Organization/hw3/instructions.mem           ;         ;
; registers.mem                    ; yes             ; Auto-Found Unspecified File  ; C:/Users/goktu/Desktop/1Projects/Organization/hw3/registers.mem              ;         ;
; memory.mem                       ; yes             ; Auto-Found Unspecified File  ; C:/Users/goktu/Desktop/1Projects/Organization/hw3/memory.mem                 ;         ;
+----------------------------------+-----------------+------------------------------+------------------------------------------------------------------------------+---------+


+-----------------------------------------------------+
; Analysis & Synthesis Resource Usage Summary         ;
+---------------------------------------------+-------+
; Resource                                    ; Usage ;
+---------------------------------------------+-------+
; Estimate of Logic utilization (ALMs needed) ; 0     ;
;                                             ;       ;
; Combinational ALUT usage for logic          ; 0     ;
;     -- 7 input functions                    ; 0     ;
;     -- 6 input functions                    ; 0     ;
;     -- 5 input functions                    ; 0     ;
;     -- 4 input functions                    ; 0     ;
;     -- <=3 input functions                  ; 0     ;
;                                             ;       ;
; Dedicated logic registers                   ; 0     ;
;                                             ;       ;
; I/O pins                                    ; 1     ;
;                                             ;       ;
; Total DSP Blocks                            ; 0     ;
;                                             ;       ;
; Maximum fan-out node                        ; clk   ;
; Maximum fan-out                             ; 1     ;
; Total fan-out                               ; 1     ;
; Average fan-out                             ; 0.50  ;
+---------------------------------------------+-------+


+----------------------------------------------------------------------------------------------------------------------------------------------------------------------------------------+
; Analysis & Synthesis Resource Utilization by Entity                                                                                                                                    ;
+----------------------------+---------------------+---------------------------+-------------------+------------+------+--------------+---------------------+-------------+--------------+
; Compilation Hierarchy Node ; Combinational ALUTs ; Dedicated Logic Registers ; Block Memory Bits ; DSP Blocks ; Pins ; Virtual Pins ; Full Hierarchy Name ; Entity Name ; Library Name ;
+----------------------------+---------------------+---------------------------+-------------------+------------+------+--------------+---------------------+-------------+--------------+
; |mips                      ; 0 (0)               ; 0 (0)                     ; 0                 ; 0          ; 1    ; 0            ; |mips               ; mips        ; work         ;
+----------------------------+---------------------+---------------------------+-------------------+------------+------+--------------+---------------------+-------------+--------------+
Note: For table entries with two numbers listed, the numbers in parentheses indicate the number of resources of the given type used by the specific entity alone. The numbers listed outside of parentheses indicate the total resources of the given type used by the specific entity and all of its sub-entities in the hierarchy.


+------------------------------------------------------+
; General Register Statistics                          ;
+----------------------------------------------+-------+
; Statistic                                    ; Value ;
+----------------------------------------------+-------+
; Total registers                              ; 0     ;
; Number of registers using Synchronous Clear  ; 0     ;
; Number of registers using Synchronous Load   ; 0     ;
; Number of registers using Asynchronous Clear ; 0     ;
; Number of registers using Asynchronous Load  ; 0     ;
; Number of registers using Clock Enable       ; 0     ;
; Number of registers using Preset             ; 0     ;
+----------------------------------------------+-------+


+-------------------------------------------------------------------------------------------------------------------------------------------------------------------------------------------+
; Port Connectivity Checks: "shift_left_2:shift_left2_jump"                                                                                                                                 ;
+-----------------+--------+----------+-----------------------------------------------------------------------------------------------------------------------------------------------------+
; Port            ; Type   ; Severity ; Details                                                                                                                                             ;
+-----------------+--------+----------+-----------------------------------------------------------------------------------------------------------------------------------------------------+
; shifted_address ; Output ; Warning  ; Output or bidir port (32 bits) is wider than the port expression (28 bits) it drives; bit(s) "shifted_address[31..28]" have no fanouts              ;
; address         ; Input  ; Warning  ; Input port expression (26 bits) is smaller than the input port (32 bits) it drives.  Extra input bit(s) "address[31..26]" will be connected to GND. ;
+-----------------+--------+----------+-----------------------------------------------------------------------------------------------------------------------------------------------------+


+--------------------------------------------------------------------------------------------------------------------+
; Port Connectivity Checks: "adder:adder_pc_plus4|CLA32bitMSB:cla0"                                                  ;
+----------+--------+----------+-------------------------------------------------------------------------------------+
; Port     ; Type   ; Severity ; Details                                                                             ;
+----------+--------+----------+-------------------------------------------------------------------------------------+
; co       ; Output ; Info     ; Connected to dangling logic. Logic that only feeds a dangling port will be removed. ;
; zero     ; Output ; Info     ; Connected to dangling logic. Logic that only feeds a dangling port will be removed. ;
; V        ; Output ; Info     ; Connected to dangling logic. Logic that only feeds a dangling port will be removed. ;
; SET      ; Output ; Info     ; Connected to dangling logic. Logic that only feeds a dangling port will be removed. ;
; ALUop[2] ; Input  ; Info     ; Stuck at VCC                                                                        ;
; ALUop[1] ; Input  ; Info     ; Stuck at GND                                                                        ;
; ALUop[0] ; Input  ; Info     ; Stuck at VCC                                                                        ;
+----------+--------+----------+-------------------------------------------------------------------------------------+


+--------------------------------------------------+
; Port Connectivity Checks: "adder:adder_pc_plus4" ;
+----------+-------+----------+--------------------+
; Port     ; Type  ; Severity ; Details            ;
+----------+-------+----------+--------------------+
; B[31..3] ; Input ; Info     ; Stuck at GND       ;
; B[1..0]  ; Input ; Info     ; Stuck at GND       ;
; B[2]     ; Input ; Info     ; Stuck at VCC       ;
+----------+-------+----------+--------------------+


+------------------------------------------------------------------------------------------------------+
; Port Connectivity Checks: "alu:al|CLA32bitMSB:cla0|CLA16bitMSB:Cla1|CLA4bitMSB:Cla3|Alu1BitMSB:alu3" ;
+------+-------+----------+----------------------------------------------------------------------------+
; Port ; Type  ; Severity ; Details                                                                    ;
+------+-------+----------+----------------------------------------------------------------------------+
; less ; Input ; Info     ; Stuck at GND                                                               ;
+------+-------+----------+----------------------------------------------------------------------------+


+---------------------------------------------------------------------------------------------------+
; Port Connectivity Checks: "alu:al|CLA32bitMSB:cla0|CLA16bitMSB:Cla1|CLA4bitMSB:Cla3|Alu1Bit:alu2" ;
+------+-------+----------+-------------------------------------------------------------------------+
; Port ; Type  ; Severity ; Details                                                                 ;
+------+-------+----------+-------------------------------------------------------------------------+
; less ; Input ; Info     ; Stuck at GND                                                            ;
+------+-------+----------+-------------------------------------------------------------------------+


+---------------------------------------------------------------------------------------------------+
; Port Connectivity Checks: "alu:al|CLA32bitMSB:cla0|CLA16bitMSB:Cla1|CLA4bitMSB:Cla3|Alu1Bit:alu1" ;
+------+-------+----------+-------------------------------------------------------------------------+
; Port ; Type  ; Severity ; Details                                                                 ;
+------+-------+----------+-------------------------------------------------------------------------+
; less ; Input ; Info     ; Stuck at GND                                                            ;
+------+-------+----------+-------------------------------------------------------------------------+


+--------------------------------------------------------------------------------------+
; Port Connectivity Checks: "alu:al|CLA32bitMSB:cla0|CLA16bitMSB:Cla1|CLA4bitMSB:Cla3" ;
+------+-------+----------+------------------------------------------------------------+
; Port ; Type  ; Severity ; Details                                                    ;
+------+-------+----------+------------------------------------------------------------+
; less ; Input ; Info     ; Stuck at GND                                               ;
+------+-------+----------+------------------------------------------------------------+


+-----------------------------------------------------------------------------------+
; Port Connectivity Checks: "alu:al|CLA32bitMSB:cla0|CLA16bitMSB:Cla1|CLA4bit:Cla2" ;
+------+-------+----------+---------------------------------------------------------+
; Port ; Type  ; Severity ; Details                                                 ;
+------+-------+----------+---------------------------------------------------------+
; less ; Input ; Info     ; Stuck at GND                                            ;
+------+-------+----------+---------------------------------------------------------+


+-----------------------------------------------------------------------------------+
; Port Connectivity Checks: "alu:al|CLA32bitMSB:cla0|CLA16bitMSB:Cla1|CLA4bit:Cla1" ;
+------+-------+----------+---------------------------------------------------------+
; Port ; Type  ; Severity ; Details                                                 ;
+------+-------+----------+---------------------------------------------------------+
; less ; Input ; Info     ; Stuck at GND                                            ;
+------+-------+----------+---------------------------------------------------------+


+----------------------------------------------------------------------+
; Port Connectivity Checks: "alu:al|CLA32bitMSB:cla0|CLA16bitMSB:Cla1" ;
+------+-------+----------+--------------------------------------------+
; Port ; Type  ; Severity ; Details                                    ;
+------+-------+----------+--------------------------------------------+
; less ; Input ; Info     ; Stuck at GND                               ;
+------+-------+----------+--------------------------------------------+


+--------------------------------------------------------------------------------+
; Port Connectivity Checks: "alu:al|CLA32bitMSB:cla0|CLA16bit:Cla0|CLA4bit:Cla3" ;
+------+-------+----------+------------------------------------------------------+
; Port ; Type  ; Severity ; Details                                              ;
+------+-------+----------+------------------------------------------------------+
; less ; Input ; Info     ; Stuck at GND                                         ;
+------+-------+----------+------------------------------------------------------+


+--------------------------------------------------------------------------------+
; Port Connectivity Checks: "alu:al|CLA32bitMSB:cla0|CLA16bit:Cla0|CLA4bit:Cla2" ;
+------+-------+----------+------------------------------------------------------+
; Port ; Type  ; Severity ; Details                                              ;
+------+-------+----------+------------------------------------------------------+
; less ; Input ; Info     ; Stuck at GND                                         ;
+------+-------+----------+------------------------------------------------------+


+--------------------------------------------------------------------------------+
; Port Connectivity Checks: "alu:al|CLA32bitMSB:cla0|CLA16bit:Cla0|CLA4bit:Cla1" ;
+------+-------+----------+------------------------------------------------------+
; Port ; Type  ; Severity ; Details                                              ;
+------+-------+----------+------------------------------------------------------+
; less ; Input ; Info     ; Stuck at GND                                         ;
+------+-------+----------+------------------------------------------------------+


+---------------------------------------------------------------------------------------------+
; Port Connectivity Checks: "alu:al|CLA32bitMSB:cla0|CLA16bit:Cla0|CLA4bit:Cla0|Alu1Bit:alu3" ;
+------+-------+----------+-------------------------------------------------------------------+
; Port ; Type  ; Severity ; Details                                                           ;
+------+-------+----------+-------------------------------------------------------------------+
; less ; Input ; Info     ; Stuck at GND                                                      ;
+------+-------+----------+-------------------------------------------------------------------+


+---------------------------------------------------------------------------------------------+
; Port Connectivity Checks: "alu:al|CLA32bitMSB:cla0|CLA16bit:Cla0|CLA4bit:Cla0|Alu1Bit:alu2" ;
+------+-------+----------+-------------------------------------------------------------------+
; Port ; Type  ; Severity ; Details                                                           ;
+------+-------+----------+-------------------------------------------------------------------+
; less ; Input ; Info     ; Stuck at GND                                                      ;
+------+-------+----------+-------------------------------------------------------------------+


+---------------------------------------------------------------------------------------------+
; Port Connectivity Checks: "alu:al|CLA32bitMSB:cla0|CLA16bit:Cla0|CLA4bit:Cla0|Alu1Bit:alu1" ;
+------+-------+----------+-------------------------------------------------------------------+
; Port ; Type  ; Severity ; Details                                                           ;
+------+-------+----------+-------------------------------------------------------------------+
; less ; Input ; Info     ; Stuck at GND                                                      ;
+------+-------+----------+-------------------------------------------------------------------+


+----------------------------------------------------------------------------------------------------------------+
; Port Connectivity Checks: "alu:al|CLA32bitMSB:cla0"                                                            ;
+------+--------+----------+-------------------------------------------------------------------------------------+
; Port ; Type   ; Severity ; Details                                                                             ;
+------+--------+----------+-------------------------------------------------------------------------------------+
; co   ; Output ; Info     ; Connected to dangling logic. Logic that only feeds a dangling port will be removed. ;
; V    ; Output ; Info     ; Connected to dangling logic. Logic that only feeds a dangling port will be removed. ;
; SET  ; Output ; Info     ; Connected to dangling logic. Logic that only feeds a dangling port will be removed. ;
+------+--------+----------+-------------------------------------------------------------------------------------+


+----------------------------------------------------------------------------------------------------------------+
; Port Connectivity Checks: "control_unit:cu"                                                                    ;
+------+--------+----------+-------------------------------------------------------------------------------------+
; Port ; Type   ; Severity ; Details                                                                             ;
+------+--------+----------+-------------------------------------------------------------------------------------+
; move ; Output ; Info     ; Connected to dangling logic. Logic that only feeds a dangling port will be removed. ;
+------+--------+----------+-------------------------------------------------------------------------------------+


+-----------------------------------------------------+
; Post-Synthesis Netlist Statistics for Top Partition ;
+-------------------+---------------------------------+
; Type              ; Count                           ;
+-------------------+---------------------------------+
; boundary_port     ; 1                               ;
;                   ;                                 ;
; Max LUT depth     ; 0.00                            ;
; Average LUT depth ; 0.00                            ;
+-------------------+---------------------------------+


+-------------------------------+
; Elapsed Time Per Partition    ;
+----------------+--------------+
; Partition Name ; Elapsed Time ;
+----------------+--------------+
; Top            ; 00:00:00     ;
+----------------+--------------+


+-------------------------------+
; Analysis & Synthesis Messages ;
+-------------------------------+
Info: *******************************************************************
Info: Running Quartus Prime Analysis & Synthesis
    Info: Version 20.1.1 Build 720 11/11/2020 SJ Lite Edition
    Info: Processing started: Fri Jan 26 02:47:21 2024
Info: Command: quartus_map --read_settings_files=on --write_settings_files=off mips -c mips
Info (20032): Parallel compilation is enabled and will use up to 16 processors
Info (12021): Found 1 design units, including 1 entities, in source file mux/mux2x1bit3.v
    Info (12023): Found entity 1: mux2x1bit3 File: C:/Users/goktu/Desktop/1Projects/Organization/hw3/mux/mux2x1bit3.v Line: 1
Info (12021): Found 1 design units, including 1 entities, in source file mux/_1_bit_8e1_mux.v
    Info (12023): Found entity 1: _1_bit_8e1_mux File: C:/Users/goktu/Desktop/1Projects/Organization/hw3/mux/_1_bit_8e1_mux.v Line: 1
Info (12021): Found 1 design units, including 1 entities, in source file alu/cla/cll2_level.v
    Info (12023): Found entity 1: CLL2_level File: C:/Users/goktu/Desktop/1Projects/Organization/hw3/alu/CLA/CLL2_level.v Line: 1
Info (12021): Found 1 design units, including 1 entities, in source file alu/cla/cll1_level.v
    Info (12023): Found entity 1: CLL1_level File: C:/Users/goktu/Desktop/1Projects/Organization/hw3/alu/CLA/CLL1_level.v Line: 1
Info (12021): Found 1 design units, including 1 entities, in source file alu/cla/cla32bitmsb.v
    Info (12023): Found entity 1: CLA32bitMSB File: C:/Users/goktu/Desktop/1Projects/Organization/hw3/alu/CLA/CLA32bitMSB.v Line: 1
Info (12021): Found 1 design units, including 1 entities, in source file alu/cla/cla16bitmsb.v
    Info (12023): Found entity 1: CLA16bitMSB File: C:/Users/goktu/Desktop/1Projects/Organization/hw3/alu/CLA/CLA16bitMSB.v Line: 1
Info (12021): Found 1 design units, including 1 entities, in source file alu/cla/cla16bit.v
    Info (12023): Found entity 1: CLA16bit File: C:/Users/goktu/Desktop/1Projects/Organization/hw3/alu/CLA/CLA16bit.v Line: 1
Info (12021): Found 1 design units, including 1 entities, in source file alu/cla/cla4bitmsb.v
    Info (12023): Found entity 1: CLA4bitMSB File: C:/Users/goktu/Desktop/1Projects/Organization/hw3/alu/CLA/CLA4bitMSB.v Line: 1
Info (12021): Found 1 design units, including 1 entities, in source file alu/cla/cla4bit.v
    Info (12023): Found entity 1: CLA4bit File: C:/Users/goktu/Desktop/1Projects/Organization/hw3/alu/CLA/CLA4bit.v Line: 1
Info (12021): Found 1 design units, including 1 entities, in source file alu/cla/alu1bitmsb.v
    Info (12023): Found entity 1: Alu1BitMSB File: C:/Users/goktu/Desktop/1Projects/Organization/hw3/alu/CLA/Alu1BitMSB.v Line: 1
Info (12021): Found 1 design units, including 1 entities, in source file alu/cla/alu1bit.v
    Info (12023): Found entity 1: Alu1Bit File: C:/Users/goktu/Desktop/1Projects/Organization/hw3/alu/CLA/Alu1Bit.v Line: 1
Info (12021): Found 1 design units, including 1 entities, in source file mips.v
    Info (12023): Found entity 1: mips File: C:/Users/goktu/Desktop/1Projects/Organization/hw3/mips.v Line: 1
Info (12021): Found 1 design units, including 1 entities, in source file mux/mux2x1bit32.v
    Info (12023): Found entity 1: mux2x1bit32 File: C:/Users/goktu/Desktop/1Projects/Organization/hw3/mux/mux2x1bit32.v Line: 1
Info (12021): Found 1 design units, including 1 entities, in source file mux/mux2x1bit5.v
    Info (12023): Found entity 1: mux2x1bit5 File: C:/Users/goktu/Desktop/1Projects/Organization/hw3/mux/mux2x1bit5.v Line: 1
Info (12021): Found 1 design units, including 1 entities, in source file mux/mux2x1bit1.v
    Info (12023): Found entity 1: mux2x1bit1 File: C:/Users/goktu/Desktop/1Projects/Organization/hw3/mux/mux2x1bit1.v Line: 1
Info (12021): Found 1 design units, including 1 entities, in source file others/adder.v
    Info (12023): Found entity 1: adder File: C:/Users/goktu/Desktop/1Projects/Organization/hw3/others/adder.v Line: 1
Info (12021): Found 1 design units, including 1 entities, in source file alu/alu.v
    Info (12023): Found entity 1: alu File: C:/Users/goktu/Desktop/1Projects/Organization/hw3/alu/alu.v Line: 1
Info (12021): Found 1 design units, including 1 entities, in source file tests_banch/tb_mips.v
    Info (12023): Found entity 1: tb_mips File: C:/Users/goktu/Desktop/1Projects/Organization/hw3/tests_banch/tb_mips.v Line: 1
Info (12021): Found 1 design units, including 1 entities, in source file tests_banch/tb_alu.v
    Info (12023): Found entity 1: tb_alu File: C:/Users/goktu/Desktop/1Projects/Organization/hw3/tests_banch/tb_alu.v Line: 3
Info (12021): Found 1 design units, including 1 entities, in source file tests_banch/tb_shift_l2.v
    Info (12023): Found entity 1: tb_shift_l2 File: C:/Users/goktu/Desktop/1Projects/Organization/hw3/tests_banch/tb_shift_l2.v Line: 3
Info (12021): Found 1 design units, including 1 entities, in source file others/shift_left_2.v
    Info (12023): Found entity 1: shift_left_2 File: C:/Users/goktu/Desktop/1Projects/Organization/hw3/others/shift_left_2.v Line: 1
Info (12021): Found 1 design units, including 1 entities, in source file others/sign_extend.v
    Info (12023): Found entity 1: sign_extend File: C:/Users/goktu/Desktop/1Projects/Organization/hw3/others/sign_extend.v Line: 1
Info (12021): Found 1 design units, including 1 entities, in source file tests_banch/tb_sign_ext.v
    Info (12023): Found entity 1: tb_sign_ext File: C:/Users/goktu/Desktop/1Projects/Organization/hw3/tests_banch/tb_sign_ext.v Line: 3
Info (12021): Found 1 design units, including 1 entities, in source file tests_banch/tb_alu_ctr.v
    Info (12023): Found entity 1: tb_alu_ctr File: C:/Users/goktu/Desktop/1Projects/Organization/hw3/tests_banch/tb_alu_ctr.v Line: 3
Info (12021): Found 1 design units, including 1 entities, in source file others/control_unit.v
    Info (12023): Found entity 1: control_unit File: C:/Users/goktu/Desktop/1Projects/Organization/hw3/others/control_unit.v Line: 25
Info (12021): Found 1 design units, including 1 entities, in source file others/alu_control.v
    Info (12023): Found entity 1: alu_control File: C:/Users/goktu/Desktop/1Projects/Organization/hw3/others/alu_control.v Line: 1
Info (12021): Found 1 design units, including 1 entities, in source file tests_banch/tb_memory_block.v
    Info (12023): Found entity 1: tb_memory_block File: C:/Users/goktu/Desktop/1Projects/Organization/hw3/tests_banch/tb_memory_block.v Line: 3
Info (12021): Found 1 design units, including 1 entities, in source file memory/memory_block.v
    Info (12023): Found entity 1: memory_block File: C:/Users/goktu/Desktop/1Projects/Organization/hw3/memory/memory_block.v Line: 1
Info (12021): Found 1 design units, including 1 entities, in source file tests_banch/tb_instruction_block.v
    Info (12023): Found entity 1: tb_instruction_block File: C:/Users/goktu/Desktop/1Projects/Organization/hw3/tests_banch/tb_instruction_block.v Line: 3
Info (12021): Found 1 design units, including 1 entities, in source file memory/instruction_block.v
    Info (12023): Found entity 1: instruction_block File: C:/Users/goktu/Desktop/1Projects/Organization/hw3/memory/instruction_block.v Line: 1
Info (12021): Found 1 design units, including 1 entities, in source file memory/register_block.v
    Info (12023): Found entity 1: register_block File: C:/Users/goktu/Desktop/1Projects/Organization/hw3/memory/register_block.v Line: 1
Info (12021): Found 1 design units, including 1 entities, in source file tests_banch/tb_register_block.v
    Info (12023): Found entity 1: tb_register_block File: C:/Users/goktu/Desktop/1Projects/Organization/hw3/tests_banch/tb_register_block.v Line: 3
Warning (10236): Verilog HDL Implicit Net warning at mips.v(75): created implicit net for "branch_decision" File: C:/Users/goktu/Desktop/1Projects/Organization/hw3/mips.v Line: 75
Info (12127): Elaborating entity "mips" for the top level hierarchy
Info (12128): Elaborating entity "instruction_block" for hierarchy "instruction_block:im" File: C:/Users/goktu/Desktop/1Projects/Organization/hw3/mips.v Line: 9
Warning (10030): Net "instruction_memory.data_a" at instruction_block.v(6) has no driver or initial value, using a default initial value '0' File: C:/Users/goktu/Desktop/1Projects/Organization/hw3/memory/instruction_block.v Line: 6
Warning (10030): Net "instruction_memory.waddr_a" at instruction_block.v(6) has no driver or initial value, using a default initial value '0' File: C:/Users/goktu/Desktop/1Projects/Organization/hw3/memory/instruction_block.v Line: 6
Warning (10030): Net "instruction_memory.we_a" at instruction_block.v(6) has no driver or initial value, using a default initial value '0' File: C:/Users/goktu/Desktop/1Projects/Organization/hw3/memory/instruction_block.v Line: 6
Info (12128): Elaborating entity "control_unit" for hierarchy "control_unit:cu" File: C:/Users/goktu/Desktop/1Projects/Organization/hw3/mips.v Line: 14
Info (12128): Elaborating entity "mux2x1bit5" for hierarchy "mux2x1bit5:mux_write_register" File: C:/Users/goktu/Desktop/1Projects/Organization/hw3/mips.v Line: 18
Info (12128): Elaborating entity "mux2x1bit1" for hierarchy "mux2x1bit5:mux_write_register|mux2x1bit1:mux0" File: C:/Users/goktu/Desktop/1Projects/Organization/hw3/mux/mux2x1bit5.v Line: 8
Info (12128): Elaborating entity "register_block" for hierarchy "register_block:reg_block" File: C:/Users/goktu/Desktop/1Projects/Organization/hw3/mips.v Line: 28
Warning (10175): Verilog HDL warning at register_block.v(56): ignoring unsupported system task File: C:/Users/goktu/Desktop/1Projects/Organization/hw3/memory/register_block.v Line: 56
Info (12128): Elaborating entity "sign_extend" for hierarchy "sign_extend:se" File: C:/Users/goktu/Desktop/1Projects/Organization/hw3/mips.v Line: 32
Info (12128): Elaborating entity "alu_control" for hierarchy "alu_control:alu_ct" File: C:/Users/goktu/Desktop/1Projects/Organization/hw3/mips.v Line: 36
Info (12128): Elaborating entity "mux2x1bit32" for hierarchy "mux2x1bit32:mux_alu_input2" File: C:/Users/goktu/Desktop/1Projects/Organization/hw3/mips.v Line: 40
Info (12128): Elaborating entity "alu" for hierarchy "alu:al" File: C:/Users/goktu/Desktop/1Projects/Organization/hw3/mips.v Line: 45
Info (12128): Elaborating entity "CLA32bitMSB" for hierarchy "alu:al|CLA32bitMSB:cla0" File: C:/Users/goktu/Desktop/1Projects/Organization/hw3/alu/alu.v Line: 16
Info (12128): Elaborating entity "CLA16bit" for hierarchy "alu:al|CLA32bitMSB:cla0|CLA16bit:Cla0" File: C:/Users/goktu/Desktop/1Projects/Organization/hw3/alu/CLA/CLA32bitMSB.v Line: 31
Info (12128): Elaborating entity "CLA4bit" for hierarchy "alu:al|CLA32bitMSB:cla0|CLA16bit:Cla0|CLA4bit:Cla0" File: C:/Users/goktu/Desktop/1Projects/Organization/hw3/alu/CLA/CLA16bit.v Line: 36
Info (12128): Elaborating entity "Alu1Bit" for hierarchy "alu:al|CLA32bitMSB:cla0|CLA16bit:Cla0|CLA4bit:Cla0|Alu1Bit:alu0" File: C:/Users/goktu/Desktop/1Projects/Organization/hw3/alu/CLA/CLA4bit.v Line: 29
Info (12128): Elaborating entity "_1_bit_8e1_mux" for hierarchy "alu:al|CLA32bitMSB:cla0|CLA16bit:Cla0|CLA4bit:Cla0|Alu1Bit:alu0|_1_bit_8e1_mux:mux" File: C:/Users/goktu/Desktop/1Projects/Organization/hw3/alu/CLA/Alu1Bit.v Line: 46
Info (12128): Elaborating entity "CLL1_level" for hierarchy "alu:al|CLA32bitMSB:cla0|CLA16bit:Cla0|CLA4bit:Cla0|CLL1_level:cll1" File: C:/Users/goktu/Desktop/1Projects/Organization/hw3/alu/CLA/CLA4bit.v Line: 34
Info (12128): Elaborating entity "CLL2_level" for hierarchy "alu:al|CLA32bitMSB:cla0|CLA16bit:Cla0|CLL2_level:cll2" File: C:/Users/goktu/Desktop/1Projects/Organization/hw3/alu/CLA/CLA16bit.v Line: 41
Info (12128): Elaborating entity "CLA16bitMSB" for hierarchy "alu:al|CLA32bitMSB:cla0|CLA16bitMSB:Cla1" File: C:/Users/goktu/Desktop/1Projects/Organization/hw3/alu/CLA/CLA32bitMSB.v Line: 32
Info (12128): Elaborating entity "CLA4bitMSB" for hierarchy "alu:al|CLA32bitMSB:cla0|CLA16bitMSB:Cla1|CLA4bitMSB:Cla3" File: C:/Users/goktu/Desktop/1Projects/Organization/hw3/alu/CLA/CLA16bitMSB.v Line: 40
Info (12128): Elaborating entity "Alu1BitMSB" for hierarchy "alu:al|CLA32bitMSB:cla0|CLA16bitMSB:Cla1|CLA4bitMSB:Cla3|Alu1BitMSB:alu3" File: C:/Users/goktu/Desktop/1Projects/Organization/hw3/alu/CLA/CLA4bitMSB.v Line: 34
Info (12128): Elaborating entity "memory_block" for hierarchy "memory_block:dm" File: C:/Users/goktu/Desktop/1Projects/Organization/hw3/mips.v Line: 50
Warning (10175): Verilog HDL warning at memory_block.v(39): ignoring unsupported system task File: C:/Users/goktu/Desktop/1Projects/Organization/hw3/memory/memory_block.v Line: 39
Info (12128): Elaborating entity "adder" for hierarchy "adder:adder_pc_plus4" File: C:/Users/goktu/Desktop/1Projects/Organization/hw3/mips.v Line: 61
Info (12128): Elaborating entity "shift_left_2" for hierarchy "shift_left_2:shift_leftx" File: C:/Users/goktu/Desktop/1Projects/Organization/hw3/mips.v Line: 65
Warning (12241): 1 hierarchies have connectivity warnings - see the Connectivity Checks report folder
Info (16010): Generating hard_block partition "hard_block:auto_generated_inst"
    Info (16011): Adding 0 node(s), including 0 DDIO, 0 PLL, 0 transceiver and 0 LCELL
Warning (21074): Design contains 1 input pin(s) that do not drive logic
    Warning (15610): No output dependent on input pin "clk" File: C:/Users/goktu/Desktop/1Projects/Organization/hw3/mips.v Line: 2
Info (21057): Implemented 1 device resources after synthesis - the final resource count might be different
    Info (21058): Implemented 1 input pins
    Info (21059): Implemented 0 output pins
Info: Quartus Prime Analysis & Synthesis was successful. 0 errors, 9 warnings
    Info: Peak virtual memory: 5283 megabytes
    Info: Processing ended: Fri Jan 26 02:48:45 2024
    Info: Elapsed time: 00:01:24
    Info: Total CPU time (on all processors): 00:01:26


